Using pre-set license
Built from '6000.0/staging' branch; Version is '6000.0.23f1 (1c4764c07fb4) revision 1853284'; Using compiler version '193933523'; Build Type 'Release'
OS: 'Windows 11  (10.0.26100) 64bit Professional' Language: 'en' Physical Memory: 15715 MB
BatchMode: 1, IsHumanControllingUs: 0, StartBugReporterOnCrash: 0, Is64bit: 1, IsPro: 1

COMMAND LINE ARGUMENTS:
C:\Program Files\Unity\Hub\Editor\6000.0.23f1\Editor\Unity.exe
-adb2
-batchMode
-noUpm
-name
AssetImportWorker2
-projectPath
C:/Users/hamza/UnityProjects/TMPRTL_ArabicFarsiUrduHebrew
-logFile
Logs/AssetImportWorker2.log
-srvPort
59869
-job-worker-count
7
-background-job-worker-count
8
-asset-garbage-collectors
1
Successfully changed project path to: C:/Users/hamza/UnityProjects/TMPRTL_ArabicFarsiUrduHebrew
C:/Users/hamza/UnityProjects/TMPRTL_ArabicFarsiUrduHebrew
[UnityMemory] Configuration Parameters - Can be set up in boot.config
    "memorysetup-bucket-allocator-granularity=16"
    "memorysetup-bucket-allocator-bucket-count=8"
    "memorysetup-bucket-allocator-block-size=33554432"
    "memorysetup-bucket-allocator-block-count=8"
    "memorysetup-main-allocator-block-size=16777216"
    "memorysetup-thread-allocator-block-size=16777216"
    "memorysetup-gfx-main-allocator-block-size=16777216"
    "memorysetup-gfx-thread-allocator-block-size=16777216"
    "memorysetup-cache-allocator-block-size=4194304"
    "memorysetup-typetree-allocator-block-size=2097152"
    "memorysetup-profiler-bucket-allocator-granularity=16"
    "memorysetup-profiler-bucket-allocator-bucket-count=8"
    "memorysetup-profiler-bucket-allocator-block-size=33554432"
    "memorysetup-profiler-bucket-allocator-block-count=8"
    "memorysetup-profiler-allocator-block-size=16777216"
    "memorysetup-profiler-editor-allocator-block-size=1048576"
    "memorysetup-temp-allocator-size-main=16777216"
    "memorysetup-job-temp-allocator-block-size=2097152"
    "memorysetup-job-temp-allocator-block-size-background=1048576"
    "memorysetup-job-temp-allocator-reduction-small-platforms=262144"
    "memorysetup-allocator-temp-initial-block-size-main=262144"
    "memorysetup-allocator-temp-initial-block-size-worker=262144"
    "memorysetup-temp-allocator-size-background-worker=32768"
    "memorysetup-temp-allocator-size-job-worker=262144"
    "memorysetup-temp-allocator-size-preload-manager=33554432"
    "memorysetup-temp-allocator-size-nav-mesh-worker=65536"
    "memorysetup-temp-allocator-size-audio-worker=65536"
    "memorysetup-temp-allocator-size-cloud-worker=32768"
    "memorysetup-temp-allocator-size-gi-baking-worker=262144"
    "memorysetup-temp-allocator-size-gi-baking-worker=262144"
    "memorysetup-temp-allocator-size-gi-baking-worker=262144"
    "memorysetup-temp-allocator-size-gi-baking-worker=262144"
    "memorysetup-temp-allocator-size-gi-baking-worker=262144"
    "memorysetup-temp-allocator-size-gfx=262144"
Player connection [1152]  Target information:

Player connection [1152]  * "[IP] 192.168.1.107 [Port] 0 [Flags] 2 [Guid] 612901928 [EditorId] 612901928 [Version] 1048832 [Id] WindowsEditor(7,Admin) [Debug] 1 [PackageName] WindowsEditor [ProjectName] Editor" 

Player connection [1152] Host joined multi-casting on [225.0.0.222:54997]...
Player connection [1152] Host joined alternative multi-casting on [225.0.0.222:34997]...
JobSystem: Creating JobQueue using job-worker-count value 7
[Physics::Module] Initialized fallback backend.
[Physics::Module] Id: 0xdecafbad
Library Redirect Path: Library/
[Physics::Module] Selected backend.
[Physics::Module] Name: PhysX
[Physics::Module] Id: 0xf2b8ea05
[Physics::Module] SDK Version: 4.1.2
[Physics::Module] Integration Version: 1.0.0
[Physics::Module] Threading Mode: Multi-Threaded
Refreshing native plugins compatible for Editor in 11.64 ms, found 3 plugins.
Preloading 0 native plugins for Editor in 0.00 ms.
Initialize engine version: 6000.0.23f1 (1c4764c07fb4)
[Subsystems] Discovering subsystems at path C:/Program Files/Unity/Hub/Editor/6000.0.23f1/Editor/Data/Resources/UnitySubsystems
[Subsystems] Discovering subsystems at path C:/Users/hamza/UnityProjects/TMPRTL_ArabicFarsiUrduHebrew/Assets
GfxDevice: creating device client; kGfxThreadingModeNonThreaded
Direct3D:
    Version:  Direct3D 11.0 [level 11.1]
    Renderer: AMD Radeon(TM) Graphics (ID=0x1638)
    Vendor:   ATI
    VRAM:     7857 MB
    Driver:   27.20.21020.7001
Initialize mono
Mono path[0] = 'C:/Program Files/Unity/Hub/Editor/6000.0.23f1/Editor/Data/Managed'
Mono path[1] = 'C:/Program Files/Unity/Hub/Editor/6000.0.23f1/Editor/Data/MonoBleedingEdge/lib/mono/unityjit-win32'
Mono config path = 'C:/Program Files/Unity/Hub/Editor/6000.0.23f1/Editor/Data/MonoBleedingEdge/etc'
Using monoOptions --debugger-agent=transport=dt_socket,embedding=1,server=y,suspend=n,address=127.0.0.1:56256
Begin MonoManager ReloadAssembly
Registering precompiled unity dll's ...
Register platform support module: C:/Program Files/Unity/Hub/Editor/6000.0.23f1/Editor/Data/PlaybackEngines/WindowsStandaloneSupport/UnityEditor.WindowsStandalone.Extensions.dll
Register platform support module: C:/Program Files/Unity/Hub/Editor/6000.0.23f1/Editor/Data/PlaybackEngines/AndroidPlayer/UnityEditor.Android.Extensions.dll
Register platform support module: C:/Program Files/Unity/Hub/Editor/6000.0.23f1/Editor/Data/PlaybackEngines/iOSSupport/UnityEditor.iOS.Extensions.dll
Registered in 0.011874 seconds.
- Loaded All Assemblies, in  1.042 seconds
[usbmuxd] Start listen thread
[usbmuxd] Listen thread started
Native extension for iOS target not found
Native extension for Android target not found
Android Extension - Scanning For ADB Devices 690 ms
Native extension for WindowsStandalone target not found
Mono: successfully reloaded assembly
- Finished resetting the current domain, in  1.610 seconds
Domain Reload Profiling: 2648ms
	BeginReloadAssembly (337ms)
		ExecutionOrderSort (0ms)
		DisableScriptedObjects (0ms)
		BackupInstance (0ms)
		ReleaseScriptingObjects (0ms)
		CreateAndSetChildDomain (1ms)
	RebuildCommonClasses (114ms)
	RebuildNativeTypeToScriptingClass (29ms)
	initialDomainReloadingComplete (123ms)
	LoadAllAssembliesAndSetupDomain (433ms)
		LoadAssemblies (334ms)
		RebuildTransferFunctionScriptingTraits (0ms)
		AnalyzeDomain (426ms)
			TypeCache.Refresh (423ms)
				TypeCache.ScanAssembly (394ms)
			BuildScriptInfoCaches (0ms)
			ResolveRequiredComponents (1ms)
	FinalizeReload (1611ms)
		ReleaseScriptCaches (0ms)
		RebuildScriptCaches (0ms)
		SetupLoadedEditorAssemblies (1519ms)
			LogAssemblyErrors (0ms)
			InitializePlatformSupportModulesInManaged (932ms)
			SetLoadedEditorAssemblies (9ms)
			BeforeProcessingInitializeOnLoad (16ms)
			ProcessInitializeOnLoadAttributes (361ms)
			ProcessInitializeOnLoadMethodAttributes (195ms)
			AfterProcessingInitializeOnLoad (6ms)
			EditorAssembliesLoaded (0ms)
		ExecutionOrderSort2 (0ms)
		AwakeInstancesAfterBackupRestoration (0ms)
========================================================================
Worker process is ready to serve import requests
Import Worker Mode flag is 0x00
Begin MonoManager ReloadAssembly
- Loaded All Assemblies, in  2.212 seconds
Refreshing native plugins compatible for Editor in 3.05 ms, found 3 plugins.
Native extension for iOS target not found
Native extension for Android target not found
Native extension for WindowsStandalone target not found
Mono: successfully reloaded assembly
- Finished resetting the current domain, in  1.943 seconds
Domain Reload Profiling: 4147ms
	BeginReloadAssembly (1030ms)
		ExecutionOrderSort (0ms)
		DisableScriptedObjects (15ms)
		BackupInstance (0ms)
		ReleaseScriptingObjects (0ms)
		CreateAndSetChildDomain (73ms)
	RebuildCommonClasses (90ms)
	RebuildNativeTypeToScriptingClass (33ms)
	initialDomainReloadingComplete (90ms)
	LoadAllAssembliesAndSetupDomain (961ms)
		LoadAssemblies (734ms)
		RebuildTransferFunctionScriptingTraits (0ms)
		AnalyzeDomain (485ms)
			TypeCache.Refresh (377ms)
				TypeCache.ScanAssembly (343ms)
			BuildScriptInfoCaches (94ms)
			ResolveRequiredComponents (9ms)
	FinalizeReload (1944ms)
		ReleaseScriptCaches (0ms)
		RebuildScriptCaches (0ms)
		SetupLoadedEditorAssemblies (1434ms)
			LogAssemblyErrors (0ms)
			InitializePlatformSupportModulesInManaged (34ms)
			SetLoadedEditorAssemblies (7ms)
			BeforeProcessingInitializeOnLoad (120ms)
			ProcessInitializeOnLoadAttributes (1193ms)
			ProcessInitializeOnLoadMethodAttributes (59ms)
			AfterProcessingInitializeOnLoad (20ms)
			EditorAssembliesLoaded (0ms)
		ExecutionOrderSort2 (0ms)
		AwakeInstancesAfterBackupRestoration (16ms)
Launched and connected shader compiler UnityShaderCompiler.exe after 0.05 seconds
Refreshing native plugins compatible for Editor in 2.68 ms, found 3 plugins.
Preloading 0 native plugins for Editor in 0.00 ms.
Unloading 30 Unused Serialized files (Serialized files now loaded: 0)
Unloading 3731 unused Assets / (1.1 MB). Loaded Objects now: 4340.
Memory consumption went from 115.9 MB to 114.8 MB.
Total: 12.955600 ms (FindLiveObjects: 0.900300 ms CreateObjectMapping: 0.437000 ms MarkObjects: 9.890400 ms  DeleteObjects: 1.725400 ms)

========================================================================
Received Import Request.
  Time since last request: 620455.766684 seconds.
  path: Assets/RTLTMPro/Fonts/ArabicFont.asset
  artifactKey: Guid(af1cfb4bd170f9148b5065562bbd2f69) Importer(815301076,1909f56bfc062723c751e8b465ee728b)
Start importing Assets/RTLTMPro/Fonts/ArabicFont.asset using Guid(af1cfb4bd170f9148b5065562bbd2f69) Importer(815301076,1909f56bfc062723c751e8b465ee728b) (PreviewImporter) -> (artifact id: '6c752f39fd12713d672471657318805e') in 0.4850059 seconds
Number of updated asset objects reloaded before import = 0Number of asset objects unloaded after import = 4

========================================================================
Received Import Request.
  Time since last request: 15.628491 seconds.
  path: Assets/RTLTMPro/Fonts/ArabicFont.asset
  artifactKey: Guid(af1cfb4bd170f9148b5065562bbd2f69) Importer(815301076,1909f56bfc062723c751e8b465ee728b)
Start importing Assets/RTLTMPro/Fonts/ArabicFont.asset using Guid(af1cfb4bd170f9148b5065562bbd2f69) Importer(815301076,1909f56bfc062723c751e8b465ee728b) (PreviewImporter) -> (artifact id: '1539c1d55954e1c2fb8902338833102c') in 0.2702885 seconds
Number of updated asset objects reloaded before import = 0Number of asset objects unloaded after import = 4

========================================================================
Received Import Request.
  Time since last request: 58.926659 seconds.
  path: Assets/RTLTMPro/Fonts/ArabicFont.asset
  artifactKey: Guid(af1cfb4bd170f9148b5065562bbd2f69) Importer(815301076,1909f56bfc062723c751e8b465ee728b)
Start importing Assets/RTLTMPro/Fonts/ArabicFont.asset using Guid(af1cfb4bd170f9148b5065562bbd2f69) Importer(815301076,1909f56bfc062723c751e8b465ee728b) (PreviewImporter) -> (artifact id: 'b3b06cb459d9faffd073a3990b37ddd8') in 0.1594557 seconds
Number of updated asset objects reloaded before import = 0Number of asset objects unloaded after import = 4

========================================================================
Received Import Request.
  Time since last request: 56.990905 seconds.
  path: Assets/RTLTMPro/Fonts/ArabicFont.asset
  artifactKey: Guid(af1cfb4bd170f9148b5065562bbd2f69) Importer(815301076,1909f56bfc062723c751e8b465ee728b)
Start importing Assets/RTLTMPro/Fonts/ArabicFont.asset using Guid(af1cfb4bd170f9148b5065562bbd2f69) Importer(815301076,1909f56bfc062723c751e8b465ee728b) (PreviewImporter) -> (artifact id: '2e52c5ccb21964288646e967c05002a9') in 0.2142018 seconds
Number of updated asset objects reloaded before import = 0Number of asset objects unloaded after import = 4

========================================================================
Received Import Request.
  Time since last request: 101.522809 seconds.
  path: Assets/RTLTMPro/Fonts/ArabicFont.asset
  artifactKey: Guid(af1cfb4bd170f9148b5065562bbd2f69) Importer(815301076,1909f56bfc062723c751e8b465ee728b)
Start importing Assets/RTLTMPro/Fonts/ArabicFont.asset using Guid(af1cfb4bd170f9148b5065562bbd2f69) Importer(815301076,1909f56bfc062723c751e8b465ee728b) (PreviewImporter) -> (artifact id: 'd2178b33ef18566aa5ecd21dbb5da468') in 0.3658869 seconds
Number of updated asset objects reloaded before import = 0Number of asset objects unloaded after import = 4

========================================================================
Received Import Request.
  Time since last request: 38.351109 seconds.
  path: Assets/RTLTMPro/Fonts/ArabicFont.asset
  artifactKey: Guid(af1cfb4bd170f9148b5065562bbd2f69) Importer(815301076,1909f56bfc062723c751e8b465ee728b)
Start importing Assets/RTLTMPro/Fonts/ArabicFont.asset using Guid(af1cfb4bd170f9148b5065562bbd2f69) Importer(815301076,1909f56bfc062723c751e8b465ee728b) (PreviewImporter) -> (artifact id: '9994f91a0c325b159edc2d396b035aa2') in 0.3908942 seconds
Number of updated asset objects reloaded before import = 0Number of asset objects unloaded after import = 4

========================================================================
Received Import Request.
  Time since last request: 46.738526 seconds.
  path: Assets/RTLTMPro/Fonts/ArabicFont.asset
  artifactKey: Guid(af1cfb4bd170f9148b5065562bbd2f69) Importer(815301076,1909f56bfc062723c751e8b465ee728b)
Start importing Assets/RTLTMPro/Fonts/ArabicFont.asset using Guid(af1cfb4bd170f9148b5065562bbd2f69) Importer(815301076,1909f56bfc062723c751e8b465ee728b) (PreviewImporter) -> (artifact id: '404ff8f19550962019f80bf92e32eb56') in 0.2946595 seconds
Number of updated asset objects reloaded before import = 0Number of asset objects unloaded after import = 4

========================================================================
Received Import Request.
  Time since last request: 95.035532 seconds.
  path: Assets/RTLTMPro/Fonts/ArabicFont.asset
  artifactKey: Guid(af1cfb4bd170f9148b5065562bbd2f69) Importer(815301076,1909f56bfc062723c751e8b465ee728b)
Start importing Assets/RTLTMPro/Fonts/ArabicFont.asset using Guid(af1cfb4bd170f9148b5065562bbd2f69) Importer(815301076,1909f56bfc062723c751e8b465ee728b) (PreviewImporter) -> (artifact id: '4fba45e3382fe53ba74e5117c1b2ab38') in 0.3345909 seconds
Number of updated asset objects reloaded before import = 0Number of asset objects unloaded after import = 4

========================================================================
Received Import Request.
  Time since last request: 105.135894 seconds.
  path: Assets/RTLTMPro/Fonts/NotoNaskhArabic-VariableFont_wght.ttf
  artifactKey: Guid(60ef0dd107a15da459166f835644506b) Importer(815301076,1909f56bfc062723c751e8b465ee728b)
Start importing Assets/RTLTMPro/Fonts/NotoNaskhArabic-VariableFont_wght.ttf using Guid(60ef0dd107a15da459166f835644506b) Importer(815301076,1909f56bfc062723c751e8b465ee728b) (PreviewImporter) -> (artifact id: '757c94e1d8b96bf7b74d15606424676e') in 0.0217813 seconds
Number of updated asset objects reloaded before import = 0Number of asset objects unloaded after import = 4

========================================================================
Received Import Request.
  Time since last request: 23.227324 seconds.
  path: Assets/RTLTMPro/Fonts/ArabicFont.asset
  artifactKey: Guid(af1cfb4bd170f9148b5065562bbd2f69) Importer(815301076,1909f56bfc062723c751e8b465ee728b)
Start importing Assets/RTLTMPro/Fonts/ArabicFont.asset using Guid(af1cfb4bd170f9148b5065562bbd2f69) Importer(815301076,1909f56bfc062723c751e8b465ee728b) (PreviewImporter) -> (artifact id: '8f64fc9ceede53e69dc5a32ae8b3575a') in 0.2921294 seconds
Number of updated asset objects reloaded before import = 0Number of asset objects unloaded after import = 4

========================================================================
Received Import Request.
  Time since last request: 32.709764 seconds.
  path: Assets/RTLTMPro/Fonts/ArabicFont.asset
  artifactKey: Guid(af1cfb4bd170f9148b5065562bbd2f69) Importer(815301076,1909f56bfc062723c751e8b465ee728b)
Start importing Assets/RTLTMPro/Fonts/ArabicFont.asset using Guid(af1cfb4bd170f9148b5065562bbd2f69) Importer(815301076,1909f56bfc062723c751e8b465ee728b) (PreviewImporter) -> (artifact id: 'e76cee2ca04a83c7a1d960c8cd7dc350') in 0.9957206 seconds
Number of updated asset objects reloaded before import = 0Number of asset objects unloaded after import = 4

========================================================================
Received Import Request.
  Time since last request: 42.961682 seconds.
  path: Assets/RTLTMPro/Fonts/ArabicFont.asset
  artifactKey: Guid(af1cfb4bd170f9148b5065562bbd2f69) Importer(815301076,1909f56bfc062723c751e8b465ee728b)
Start importing Assets/RTLTMPro/Fonts/ArabicFont.asset using Guid(af1cfb4bd170f9148b5065562bbd2f69) Importer(815301076,1909f56bfc062723c751e8b465ee728b) (PreviewImporter) -> (artifact id: '9fa7214694d4a1633f684da499d28926') in 0.9753953 seconds
Number of updated asset objects reloaded before import = 0Number of asset objects unloaded after import = 4

========================================================================
Received Import Request.
  Time since last request: 11.663982 seconds.
  path: Assets/RTLTMPro/Fonts/NotoNaskh.asset
  artifactKey: Guid(af1cfb4bd170f9148b5065562bbd2f69) Importer(815301076,1909f56bfc062723c751e8b465ee728b)
Start importing Assets/RTLTMPro/Fonts/NotoNaskh.asset using Guid(af1cfb4bd170f9148b5065562bbd2f69) Importer(815301076,1909f56bfc062723c751e8b465ee728b) (PreviewImporter) -> (artifact id: 'ee8163c5cf478cbd2949b897c6881402') in 0.9646592 seconds
Number of updated asset objects reloaded before import = 0Number of asset objects unloaded after import = 4

========================================================================
Received Import Request.
  Time since last request: 55.984127 seconds.
  path: Assets/RTLTMPro/Fonts/NotoNaskh.asset
  artifactKey: Guid(af1cfb4bd170f9148b5065562bbd2f69) Importer(815301076,1909f56bfc062723c751e8b465ee728b)
Start importing Assets/RTLTMPro/Fonts/NotoNaskh.asset using Guid(af1cfb4bd170f9148b5065562bbd2f69) Importer(815301076,1909f56bfc062723c751e8b465ee728b) (PreviewImporter) -> (artifact id: '03b63bd77bb8c24c00bb1532abfee166') in 0.2515777 seconds
Number of updated asset objects reloaded before import = 0Number of asset objects unloaded after import = 4

========================================================================
Received Import Request.
  Time since last request: 37.527544 seconds.
  path: Assets/RTLTMPro/Fonts/NotoNaskh.asset
  artifactKey: Guid(af1cfb4bd170f9148b5065562bbd2f69) Importer(815301076,1909f56bfc062723c751e8b465ee728b)
Start importing Assets/RTLTMPro/Fonts/NotoNaskh.asset using Guid(af1cfb4bd170f9148b5065562bbd2f69) Importer(815301076,1909f56bfc062723c751e8b465ee728b) (PreviewImporter) -> (artifact id: '3f77ae927e6ab9f0cdfbc756b4d472e3') in 0.2450217 seconds
Number of updated asset objects reloaded before import = 0Number of asset objects unloaded after import = 4

========================================================================
Received Import Request.
  Time since last request: 84.818496 seconds.
  path: Assets/RTLTMPro/Fonts/NotoNaskh.asset
  artifactKey: Guid(af1cfb4bd170f9148b5065562bbd2f69) Importer(815301076,1909f56bfc062723c751e8b465ee728b)
Start importing Assets/RTLTMPro/Fonts/NotoNaskh.asset using Guid(af1cfb4bd170f9148b5065562bbd2f69) Importer(815301076,1909f56bfc062723c751e8b465ee728b) (PreviewImporter) -> (artifact id: '3b058b32518cbd6f143385011a326ab9') in 0.2359929 seconds
Number of updated asset objects reloaded before import = 0Number of asset objects unloaded after import = 4

========================================================================
Received Import Request.
  Time since last request: 14.755901 seconds.
  path: Assets/RTLTMPro/Fonts/NotoNaskh.asset
  artifactKey: Guid(af1cfb4bd170f9148b5065562bbd2f69) Importer(815301076,1909f56bfc062723c751e8b465ee728b)
Start importing Assets/RTLTMPro/Fonts/NotoNaskh.asset using Guid(af1cfb4bd170f9148b5065562bbd2f69) Importer(815301076,1909f56bfc062723c751e8b465ee728b) (PreviewImporter) -> (artifact id: 'c930edf982dbd80c39b5e3015e03f0d7') in 0.2442461 seconds
Number of updated asset objects reloaded before import = 0Number of asset objects unloaded after import = 4

========================================================================
Received Import Request.
  Time since last request: 95.185188 seconds.
  path: Assets/RTLTMPro/Fonts/NotoNaskh.asset
  artifactKey: Guid(af1cfb4bd170f9148b5065562bbd2f69) Importer(815301076,1909f56bfc062723c751e8b465ee728b)
Start importing Assets/RTLTMPro/Fonts/NotoNaskh.asset using Guid(af1cfb4bd170f9148b5065562bbd2f69) Importer(815301076,1909f56bfc062723c751e8b465ee728b) (PreviewImporter) -> (artifact id: 'a363ffb5097d0f51b88ef0002c45624a') in 0.2143291 seconds
Number of updated asset objects reloaded before import = 0Number of asset objects unloaded after import = 4

========================================================================
Received Import Request.
  Time since last request: 137.105120 seconds.
  path: Assets/RTLTMPro/Fonts/NotoNaskh.asset
  artifactKey: Guid(af1cfb4bd170f9148b5065562bbd2f69) Importer(815301076,1909f56bfc062723c751e8b465ee728b)
Start importing Assets/RTLTMPro/Fonts/NotoNaskh.asset using Guid(af1cfb4bd170f9148b5065562bbd2f69) Importer(815301076,1909f56bfc062723c751e8b465ee728b) (PreviewImporter) -> (artifact id: '7c8dabe80c816526ee653ca8e3a45aa8') in 0.2080163 seconds
Number of updated asset objects reloaded before import = 0Number of asset objects unloaded after import = 4

========================================================================
Received Import Request.
  Time since last request: 285.645831 seconds.
  path: Assets/RTLTMPro/Fonts/NotoNaskh.asset
  artifactKey: Guid(af1cfb4bd170f9148b5065562bbd2f69) Importer(815301076,1909f56bfc062723c751e8b465ee728b)
Start importing Assets/RTLTMPro/Fonts/NotoNaskh.asset using Guid(af1cfb4bd170f9148b5065562bbd2f69) Importer(815301076,1909f56bfc062723c751e8b465ee728b) (PreviewImporter) -> (artifact id: 'e0037c53311105ae3a3284002dca8496') in 0.2127321 seconds
Number of updated asset objects reloaded before import = 0Number of asset objects unloaded after import = 4

========================================================================
Received Import Request.
  Time since last request: 90.875728 seconds.
  path: Assets/RTLTMPro/Fonts/NotoNaskh.asset
  artifactKey: Guid(af1cfb4bd170f9148b5065562bbd2f69) Importer(815301076,1909f56bfc062723c751e8b465ee728b)
Start importing Assets/RTLTMPro/Fonts/NotoNaskh.asset using Guid(af1cfb4bd170f9148b5065562bbd2f69) Importer(815301076,1909f56bfc062723c751e8b465ee728b) (PreviewImporter) -> (artifact id: '6e099e16790f3b49ee82b2bd188c8ec1') in 0.2082734 seconds
Number of updated asset objects reloaded before import = 0Number of asset objects unloaded after import = 4

========================================================================
Received Import Request.
  Time since last request: 48.013155 seconds.
  path: Assets/RTLTMPro/Fonts/NotoNaskh.asset
  artifactKey: Guid(af1cfb4bd170f9148b5065562bbd2f69) Importer(815301076,1909f56bfc062723c751e8b465ee728b)
Start importing Assets/RTLTMPro/Fonts/NotoNaskh.asset using Guid(af1cfb4bd170f9148b5065562bbd2f69) Importer(815301076,1909f56bfc062723c751e8b465ee728b) (PreviewImporter) -> (artifact id: 'a1a547b2738b41419f4588d4860f475a') in 0.20992 seconds
Number of updated asset objects reloaded before import = 0Number of asset objects unloaded after import = 4

========================================================================
Received Import Request.
  Time since last request: 57.903844 seconds.
  path: Assets/RTLTMPro/Fonts
  artifactKey: Guid(b428dc574f2ded64784b97ed202ad415) Importer(815301076,1909f56bfc062723c751e8b465ee728b)
Start importing Assets/RTLTMPro/Fonts using Guid(b428dc574f2ded64784b97ed202ad415) Importer(815301076,1909f56bfc062723c751e8b465ee728b) (PreviewImporter) -> (artifact id: 'aed9199e79756ab4e9d13813cc228e6b') in 0.0009347 seconds
Number of updated asset objects reloaded before import = 0Number of asset objects unloaded after import = 0

========================================================================
Received Import Request.
  Time since last request: 66.632650 seconds.
  path: Assets/RTLTMPro/Fonts/SeguiArabic.asset
  artifactKey: Guid(0a1c7bf3efe74204682de6880a293bf9) Importer(815301076,1909f56bfc062723c751e8b465ee728b)
Start importing Assets/RTLTMPro/Fonts/SeguiArabic.asset using Guid(0a1c7bf3efe74204682de6880a293bf9) Importer(815301076,1909f56bfc062723c751e8b465ee728b) (PreviewImporter) -> (artifact id: 'a39097cfa83e480ef2d5c7d78f3c374c') in 0.2155383 seconds
Number of updated asset objects reloaded before import = 0Number of asset objects unloaded after import = 4

========================================================================
Received Import Request.
  Time since last request: 34.840089 seconds.
  path: Assets/RTLTMPro/Fonts/SeguiArabic.asset
  artifactKey: Guid(0a1c7bf3efe74204682de6880a293bf9) Importer(815301076,1909f56bfc062723c751e8b465ee728b)
Start importing Assets/RTLTMPro/Fonts/SeguiArabic.asset using Guid(0a1c7bf3efe74204682de6880a293bf9) Importer(815301076,1909f56bfc062723c751e8b465ee728b) (PreviewImporter) -> (artifact id: '0d732b614d492517c51b8b4259fd3395') in 0.1960235 seconds
Number of updated asset objects reloaded before import = 0Number of asset objects unloaded after import = 4

========================================================================
Received Import Request.
  Time since last request: 99.079018 seconds.
  path: Assets/RTLTMPro/Scenes/InputField.unity
  artifactKey: Guid(8853bda3b8a941e46809d69e2cb0d48d) Importer(815301076,1909f56bfc062723c751e8b465ee728b)
Start importing Assets/RTLTMPro/Scenes/InputField.unity using Guid(8853bda3b8a941e46809d69e2cb0d48d) Importer(815301076,1909f56bfc062723c751e8b465ee728b) (PreviewImporter) -> (artifact id: '82eb4a9c95cc62fdb0ed63256a15c8b2') in 0.0010603 seconds
Number of updated asset objects reloaded before import = 0Number of asset objects unloaded after import = 0

========================================================================
Received Import Request.
  Time since last request: 15.541406 seconds.
  path: Assets/RTLTMPro/Scenes/Hebrew.unity
  artifactKey: Guid(00143b0f6cb8dc94cbb24fb3f253f53b) Importer(815301076,1909f56bfc062723c751e8b465ee728b)
Start importing Assets/RTLTMPro/Scenes/Hebrew.unity using Guid(00143b0f6cb8dc94cbb24fb3f253f53b) Importer(815301076,1909f56bfc062723c751e8b465ee728b) (PreviewImporter) -> (artifact id: '12f124945cd763542b48ee3d433b7f8c') in 0.0008187 seconds
Number of updated asset objects reloaded before import = 0Number of asset objects unloaded after import = 0

========================================================================
Received Import Request.
  Time since last request: 8.896748 seconds.
  path: Assets/Scenes/SampleScene.unity
  artifactKey: Guid(9fc0d4010bbf28b4594072e72b8655ab) Importer(815301076,1909f56bfc062723c751e8b465ee728b)
Start importing Assets/Scenes/SampleScene.unity using Guid(9fc0d4010bbf28b4594072e72b8655ab) Importer(815301076,1909f56bfc062723c751e8b465ee728b) (PreviewImporter) -> (artifact id: '2a322f5e4930673a0b177a785ed00f19') in 0.0009636 seconds
Number of updated asset objects reloaded before import = 0Number of asset objects unloaded after import = 0

========================================================================
Received Import Request.
  Time since last request: 4.723569 seconds.
  path: Assets/Scenes/Urdu.unity
  artifactKey: Guid(9fc0d4010bbf28b4594072e72b8655ab) Importer(815301076,1909f56bfc062723c751e8b465ee728b)
Start importing Assets/Scenes/Urdu.unity using Guid(9fc0d4010bbf28b4594072e72b8655ab) Importer(815301076,1909f56bfc062723c751e8b465ee728b) (PreviewImporter) -> (artifact id: '2d8dba8de1e50fbaece8c38d97738a04') in 0.0009128 seconds
Number of updated asset objects reloaded before import = 0Number of asset objects unloaded after import = 0

========================================================================
Received Import Request.
  Time since last request: 6.426925 seconds.
  path: Assets/UI Toolkit/PanelSettings.asset
  artifactKey: Guid(9775bec5cb4d7d94584bf568e97db38f) Importer(815301076,1909f56bfc062723c751e8b465ee728b)
Start importing Assets/UI Toolkit/PanelSettings.asset using Guid(9775bec5cb4d7d94584bf568e97db38f) Importer(815301076,1909f56bfc062723c751e8b465ee728b) (PreviewImporter) -> (artifact id: '8c9f5b39363a3c6eb14d4c4a82cb90ee') in 0.0496457 seconds
Number of updated asset objects reloaded before import = 0Number of asset objects unloaded after import = 27

========================================================================
Received Import Request.
  Time since last request: 10.342192 seconds.
  path: Assets/AlQalam Taj Nastaleeq Regular SDF.asset
  artifactKey: Guid(9ac907ceb1d06514c849979fc2b372e0) Importer(815301076,1909f56bfc062723c751e8b465ee728b)
Start importing Assets/AlQalam Taj Nastaleeq Regular SDF.asset using Guid(9ac907ceb1d06514c849979fc2b372e0) Importer(815301076,1909f56bfc062723c751e8b465ee728b) (PreviewImporter) -> (artifact id: '81b4d96115d538e2471cf9a2c87c03e4') in 0.0595929 seconds
Number of updated asset objects reloaded before import = 0Number of asset objects unloaded after import = 4

========================================================================
Received Import Request.
  Time since last request: 11.257599 seconds.
  path: Assets/ttt.uxml
  artifactKey: Guid(1e2d4fe4ae0effa48aac4d6de198d5d4) Importer(815301076,1909f56bfc062723c751e8b465ee728b)
Start importing Assets/ttt.uxml using Guid(1e2d4fe4ae0effa48aac4d6de198d5d4) Importer(815301076,1909f56bfc062723c751e8b465ee728b) (PreviewImporter) -> (artifact id: 'c46f9ee64896a3219559a65348e24468') in 0.0799449 seconds
Number of updated asset objects reloaded before import = 0Number of asset objects unloaded after import = 4

========================================================================
Received Import Request.
  Time since last request: 93.025947 seconds.
  path: Assets/UI Toolkit
  artifactKey: Guid(d74149ec1d6cc91489e3336a5dea8647) Importer(815301076,1909f56bfc062723c751e8b465ee728b)
Start importing Assets/UI Toolkit using Guid(d74149ec1d6cc91489e3336a5dea8647) Importer(815301076,1909f56bfc062723c751e8b465ee728b) (PreviewImporter) -> (artifact id: '0559fae1e27f0b4907e6ec927031ae5c') in 0.0009669 seconds
Number of updated asset objects reloaded before import = 0Number of asset objects unloaded after import = 0

========================================================================
Received Import Request.
  Time since last request: 6.476657 seconds.
  path: Assets/RTLTMPro/Tests
  artifactKey: Guid(06cf2c81e8116fb46b91216de465ea15) Importer(815301076,1909f56bfc062723c751e8b465ee728b)
Start importing Assets/RTLTMPro/Tests using Guid(06cf2c81e8116fb46b91216de465ea15) Importer(815301076,1909f56bfc062723c751e8b465ee728b) (PreviewImporter) -> (artifact id: '19e99d7e0b574fab79fa955b5a39373d') in 0.0009051 seconds
Number of updated asset objects reloaded before import = 0Number of asset objects unloaded after import = 0

========================================================================
Received Import Request.
  Time since last request: 0.052015 seconds.
  path: Assets/RTLTMPro/Tests/RTLTMPro-Tests.asmdef
  artifactKey: Guid(164fb981c3eeae0488e44e339f3ed3d7) Importer(815301076,1909f56bfc062723c751e8b465ee728b)
Start importing Assets/RTLTMPro/Tests/RTLTMPro-Tests.asmdef using Guid(164fb981c3eeae0488e44e339f3ed3d7) Importer(815301076,1909f56bfc062723c751e8b465ee728b) (PreviewImporter) -> (artifact id: '0ad2d0bb03e80f017f11a28b9df4238c') in 0.0012225 seconds
Number of updated asset objects reloaded before import = 0Number of asset objects unloaded after import = 0

========================================================================
Received Import Request.
  Time since last request: 21.442505 seconds.
  path: Assets/RTLTMPro/Scenes/Urdu.unity
  artifactKey: Guid(9fc0d4010bbf28b4594072e72b8655ab) Importer(815301076,1909f56bfc062723c751e8b465ee728b)
Start importing Assets/RTLTMPro/Scenes/Urdu.unity using Guid(9fc0d4010bbf28b4594072e72b8655ab) Importer(815301076,1909f56bfc062723c751e8b465ee728b) (PreviewImporter) -> (artifact id: 'ea83a76c0bf301325821dc922ccfe4eb') in 0.0009202 seconds
Number of updated asset objects reloaded before import = 0Number of asset objects unloaded after import = 0

========================================================================
Received Import Request.
  Time since last request: 13.010414 seconds.
  path: Assets/RTLTMPro/Scenes/Hebrew.unity
  artifactKey: Guid(00143b0f6cb8dc94cbb24fb3f253f53b) Importer(815301076,1909f56bfc062723c751e8b465ee728b)
Start importing Assets/RTLTMPro/Scenes/Hebrew.unity using Guid(00143b0f6cb8dc94cbb24fb3f253f53b) Importer(815301076,1909f56bfc062723c751e8b465ee728b) (PreviewImporter) -> (artifact id: 'e76bf8bc3f2b35d29887a590b67109dd') in 0.0011239 seconds
Number of updated asset objects reloaded before import = 0Number of asset objects unloaded after import = 0

========================================================================
Received Import Request.
  Time since last request: 11.392297 seconds.
  path: Assets/RTLTMPro/Scenes/Urdu.unity
  artifactKey: Guid(9fc0d4010bbf28b4594072e72b8655ab) Importer(815301076,1909f56bfc062723c751e8b465ee728b)
Start importing Assets/RTLTMPro/Scenes/Urdu.unity using Guid(9fc0d4010bbf28b4594072e72b8655ab) Importer(815301076,1909f56bfc062723c751e8b465ee728b) (PreviewImporter) -> (artifact id: '6e1f4e3dfe4e5726d21617e90da44d90') in 0.0008832 seconds
Number of updated asset objects reloaded before import = 0Number of asset objects unloaded after import = 0

